<?xml version="1.0" encoding="UTF-8"?>
<testsuite xmlns:xsi="http://www.w3.org/2001/XMLSchema-instance" xsi:noNamespaceSchemaLocation="https://maven.apache.org/surefire/maven-surefire-plugin/xsd/surefire-test-report.xsd" name="com.ultra.AppTest" time="0.246" tests="1" errors="0" skipped="0" failures="0">
  <properties>
    <property name="sun.desktop" value="windows"/>
    <property name="awt.toolkit" value="sun.awt.windows.WToolkit"/>
    <property name="file.encoding.pkg" value="sun.io"/>
    <property name="java.specification.version" value="1.8"/>
    <property name="sun.cpu.isalist" value="amd64"/>
    <property name="sun.jnu.encoding" value="GBK"/>
    <property name="java.class.path" value="G:\IDEAworkspace\test-server\server-provider\target\test-classes;G:\IDEAworkspace\test-server\server-provider\target\classes;H:\maven\repository\com\alibaba\dubbo\2.5.3\dubbo-2.5.3.jar;H:\maven\repository\org\springframework\spring\2.5.6.SEC03\spring-2.5.6.SEC03.jar;H:\maven\repository\commons-logging\commons-logging\1.1.1\commons-logging-1.1.1.jar;H:\maven\repository\org\javassist\javassist\3.15.0-GA\javassist-3.15.0-GA.jar;H:\maven\repository\org\jboss\netty\netty\3.2.5.Final\netty-3.2.5.Final.jar;G:\IDEAworkspace\test-server\server-api\target\server-api-1.0-SNAPSHOT.jar;H:\maven\repository\org\apache\zookeeper\zookeeper\3.4.10\zookeeper-3.4.10.jar;H:\maven\repository\org\slf4j\slf4j-api\1.6.1\slf4j-api-1.6.1.jar;H:\maven\repository\org\slf4j\slf4j-log4j12\1.6.1\slf4j-log4j12-1.6.1.jar;H:\maven\repository\log4j\log4j\1.2.16\log4j-1.2.16.jar;H:\maven\repository\jline\jline\0.9.94\jline-0.9.94.jar;H:\maven\repository\io\netty\netty\3.10.5.Final\netty-3.10.5.Final.jar;H:\maven\repository\com\101tec\zkclient\0.10\zkclient-0.10.jar;H:\maven\repository\junit\junit\4.11\junit-4.11.jar;H:\maven\repository\org\hamcrest\hamcrest-core\1.3\hamcrest-core-1.3.jar;H:\maven\repository\com\caucho\hessian\4.0.38\hessian-4.0.38.jar;H:\maven\repository\javax\servlet\servlet-api\2.5\servlet-api-2.5.jar;H:\maven\repository\org\mortbay\jetty\jetty\6.1.26\jetty-6.1.26.jar;H:\maven\repository\org\mortbay\jetty\jetty-util\6.1.26\jetty-util-6.1.26.jar;H:\maven\repository\org\mortbay\jetty\servlet-api\2.5-20081211\servlet-api-2.5-20081211.jar;"/>
    <property name="java.vm.vendor" value="Oracle Corporation"/>
    <property name="sun.arch.data.model" value="64"/>
    <property name="user.variant" value=""/>
    <property name="java.vendor.url" value="http://java.oracle.com/"/>
    <property name="user.timezone" value=""/>
    <property name="java.vm.specification.version" value="1.8"/>
    <property name="os.name" value="Windows 10"/>
    <property name="user.country" value="CN"/>
    <property name="sun.java.launcher" value="SUN_STANDARD"/>
    <property name="sun.boot.library.path" value="H:\Program Files\Java\jdk1.8.0_144\jre\bin"/>
    <property name="sun.java.command" value="C:\Users\admin\AppData\Local\Temp\surefire4312430839509385287\surefirebooter914846881312907368.jar C:\Users\admin\AppData\Local\Temp\surefire4312430839509385287 2018-06-15T15-54-18_575-jvmRun1 surefire9132443092485801308tmp surefire_11925597648400537499tmp"/>
    <property name="surefire.test.class.path" value="G:\IDEAworkspace\test-server\server-provider\target\test-classes;G:\IDEAworkspace\test-server\server-provider\target\classes;H:\maven\repository\com\alibaba\dubbo\2.5.3\dubbo-2.5.3.jar;H:\maven\repository\org\springframework\spring\2.5.6.SEC03\spring-2.5.6.SEC03.jar;H:\maven\repository\commons-logging\commons-logging\1.1.1\commons-logging-1.1.1.jar;H:\maven\repository\org\javassist\javassist\3.15.0-GA\javassist-3.15.0-GA.jar;H:\maven\repository\org\jboss\netty\netty\3.2.5.Final\netty-3.2.5.Final.jar;G:\IDEAworkspace\test-server\server-api\target\server-api-1.0-SNAPSHOT.jar;H:\maven\repository\org\apache\zookeeper\zookeeper\3.4.10\zookeeper-3.4.10.jar;H:\maven\repository\org\slf4j\slf4j-api\1.6.1\slf4j-api-1.6.1.jar;H:\maven\repository\org\slf4j\slf4j-log4j12\1.6.1\slf4j-log4j12-1.6.1.jar;H:\maven\repository\log4j\log4j\1.2.16\log4j-1.2.16.jar;H:\maven\repository\jline\jline\0.9.94\jline-0.9.94.jar;H:\maven\repository\io\netty\netty\3.10.5.Final\netty-3.10.5.Final.jar;H:\maven\repository\com\101tec\zkclient\0.10\zkclient-0.10.jar;H:\maven\repository\junit\junit\4.11\junit-4.11.jar;H:\maven\repository\org\hamcrest\hamcrest-core\1.3\hamcrest-core-1.3.jar;H:\maven\repository\com\caucho\hessian\4.0.38\hessian-4.0.38.jar;H:\maven\repository\javax\servlet\servlet-api\2.5\servlet-api-2.5.jar;H:\maven\repository\org\mortbay\jetty\jetty\6.1.26\jetty-6.1.26.jar;H:\maven\repository\org\mortbay\jetty\jetty-util\6.1.26\jetty-util-6.1.26.jar;H:\maven\repository\org\mortbay\jetty\servlet-api\2.5-20081211\servlet-api-2.5-20081211.jar;"/>
    <property name="sun.cpu.endian" value="little"/>
    <property name="user.home" value="C:\Users\admin"/>
    <property name="user.language" value="zh"/>
    <property name="java.specification.vendor" value="Oracle Corporation"/>
    <property name="java.home" value="H:\Program Files\Java\jdk1.8.0_144\jre"/>
    <property name="basedir" value="G:\IDEAworkspace\test-server\server-provider"/>
    <property name="file.separator" value="\"/>
    <property name="line.separator" value="&#10;"/>
    <property name="java.vm.specification.vendor" value="Oracle Corporation"/>
    <property name="java.specification.name" value="Java Platform API Specification"/>
    <property name="java.awt.graphicsenv" value="sun.awt.Win32GraphicsEnvironment"/>
    <property name="surefire.real.class.path" value="C:\Users\admin\AppData\Local\Temp\surefire4312430839509385287\surefirebooter914846881312907368.jar"/>
    <property name="sun.boot.class.path" value="H:\Program Files\Java\jdk1.8.0_144\jre\lib\resources.jar;H:\Program Files\Java\jdk1.8.0_144\jre\lib\rt.jar;H:\Program Files\Java\jdk1.8.0_144\jre\lib\sunrsasign.jar;H:\Program Files\Java\jdk1.8.0_144\jre\lib\jsse.jar;H:\Program Files\Java\jdk1.8.0_144\jre\lib\jce.jar;H:\Program Files\Java\jdk1.8.0_144\jre\lib\charsets.jar;H:\Program Files\Java\jdk1.8.0_144\jre\lib\jfr.jar;H:\Program Files\Java\jdk1.8.0_144\jre\classes"/>
    <property name="user.script" value=""/>
    <property name="sun.management.compiler" value="HotSpot 64-Bit Tiered Compilers"/>
    <property name="java.runtime.version" value="1.8.0_144-b01"/>
    <property name="user.name" value="admin"/>
    <property name="path.separator" value=";"/>
    <property name="os.version" value="10.0"/>
    <property name="java.endorsed.dirs" value="H:\Program Files\Java\jdk1.8.0_144\jre\lib\endorsed"/>
    <property name="java.runtime.name" value="Java(TM) SE Runtime Environment"/>
    <property name="file.encoding" value="GBK"/>
    <property name="java.vm.name" value="Java HotSpot(TM) 64-Bit Server VM"/>
    <property name="localRepository" value="H:\maven\repository"/>
    <property name="java.vendor.url.bug" value="http://bugreport.sun.com/bugreport/"/>
    <property name="java.io.tmpdir" value="C:\Users\admin\AppData\Local\Temp\"/>
    <property name="idea.version" value="2017.2.5"/>
    <property name="java.version" value="1.8.0_144"/>
    <property name="user.dir" value="G:\IDEAworkspace\test-server\server-provider"/>
    <property name="os.arch" value="amd64"/>
    <property name="java.vm.specification.name" value="Java Virtual Machine Specification"/>
    <property name="java.awt.printerjob" value="sun.awt.windows.WPrinterJob"/>
    <property name="sun.os.patch.level" value=""/>
    <property name="java.library.path" value="H:\Program Files\Java\jdk1.8.0_144\jre\bin;C:\Windows\Sun\Java\bin;C:\Windows\system32;C:\Windows;C:\Program Files\Java\jdk1.7.0_79\bin;C:\Program Files\Java\jdk1.7.0_79\jre\bin;C:\ProgramData\Oracle\Java\javapath;H:\app\admin\product\11.2.0\client_1\bin;D:\app\admin\product\11.2.0\dbhome_2\bin;C:\Program Files (x86)\Common Files\NetSarang;G:\app\admin\product\11.2.0\client_1\bin;C:\Windows\system32;C:\Windows;C:\Windows\System32\Wbem;C:\Windows\System32\WindowsPowerShell\v1.0\;H:\maven\apache-maven-3.5.0\bin;F:\TortoiseSVN\bin;G:\git\Git\cmd;G:\gradle-4.4.1\bin;G:\迅雷下载\ffmpeg-20180322-ed0e0fe-win64-static\bin;."/>
    <property name="java.vm.info" value="mixed mode"/>
    <property name="java.vendor" value="Oracle Corporation"/>
    <property name="java.vm.version" value="25.144-b01"/>
    <property name="java.ext.dirs" value="H:\Program Files\Java\jdk1.8.0_144\jre\lib\ext;C:\Windows\Sun\Java\lib\ext"/>
    <property name="sun.io.unicode.encoding" value="UnicodeLittle"/>
    <property name="java.class.version" value="52.0"/>
  </properties>
  <testcase name="shouldAnswerWithTrue" classname="com.ultra.AppTest" time="0.025"/>
</testsuite>